WARNING: autodoc: failed to import class 'Client.Store' from module 'mktl'; the following exception was raised:
['Traceback (most recent call last):\n', '  File "/home/runner/.local/lib/python3.12/site-packages/sphinx/ext/autodoc/importer.py", line 269, in import_object\n    module = import_module(modname, try_reload=True)\n             ^^^^^^^^^^^^^^^^^^^^^^^^^^^^^^^^^^^^^^^\n', '  File "/home/runner/.local/lib/python3.12/site-packages/sphinx/ext/autodoc/importer.py", line 172, in import_module\n    raise ModuleNotFoundError(msg, name=modname)  # NoQA: TRY301\n    ^^^^^^^^^^^^^^^^^^^^^^^^^^^^^^^^^^^^^^^^^^^^\n', "ModuleNotFoundError: No module named 'mktl.Client'\n"] [autodoc.import_object]
WARNING: autodoc: failed to import class 'Client.Item' from module 'mktl'; the following exception was raised:
['Traceback (most recent call last):\n', '  File "/home/runner/.local/lib/python3.12/site-packages/sphinx/ext/autodoc/importer.py", line 269, in import_object\n    module = import_module(modname, try_reload=True)\n             ^^^^^^^^^^^^^^^^^^^^^^^^^^^^^^^^^^^^^^^\n', '  File "/home/runner/.local/lib/python3.12/site-packages/sphinx/ext/autodoc/importer.py", line 172, in import_module\n    raise ModuleNotFoundError(msg, name=modname)  # NoQA: TRY301\n    ^^^^^^^^^^^^^^^^^^^^^^^^^^^^^^^^^^^^^^^^^^^^\n', "ModuleNotFoundError: No module named 'mktl.Client'\n"] [autodoc.import_object]
WARNING: autodoc: failed to import class 'Daemon.Store' from module 'mKTL'; the following exception was raised:
['Traceback (most recent call last):\n', '  File "/home/runner/.local/lib/python3.12/site-packages/sphinx/ext/autodoc/importer.py", line 269, in import_object\n    module = import_module(modname, try_reload=True)\n             ^^^^^^^^^^^^^^^^^^^^^^^^^^^^^^^^^^^^^^^\n', '  File "/home/runner/.local/lib/python3.12/site-packages/sphinx/ext/autodoc/importer.py", line 172, in import_module\n    raise ModuleNotFoundError(msg, name=modname)  # NoQA: TRY301\n    ^^^^^^^^^^^^^^^^^^^^^^^^^^^^^^^^^^^^^^^^^^^^\n', "ModuleNotFoundError: No module named 'mKTL'\n"] [autodoc.import_object]
WARNING: autodoc: failed to import class 'Daemon.Item' from module 'mKTL'; the following exception was raised:
['Traceback (most recent call last):\n', '  File "/home/runner/.local/lib/python3.12/site-packages/sphinx/ext/autodoc/importer.py", line 269, in import_object\n    module = import_module(modname, try_reload=True)\n             ^^^^^^^^^^^^^^^^^^^^^^^^^^^^^^^^^^^^^^^\n', '  File "/home/runner/.local/lib/python3.12/site-packages/sphinx/ext/autodoc/importer.py", line 172, in import_module\n    raise ModuleNotFoundError(msg, name=modname)  # NoQA: TRY301\n    ^^^^^^^^^^^^^^^^^^^^^^^^^^^^^^^^^^^^^^^^^^^^\n', "ModuleNotFoundError: No module named 'mKTL'\n"] [autodoc.import_object]
/home/runner/work/mKTL/mKTL/doc/example/daemon.rst:123: WARNING: Title underline too short.

:func:`Store.setup_final` method
------------------------------- [docutils]
/home/runner/work/mKTL/mKTL/doc/example/daemon.rst:123: WARNING: Title underline too short.

:func:`Store.setup_final` method
------------------------------- [docutils]
WARNING: autodoc: failed to import class 'Pending' from module 'mktl.Protocol.Request'; the following exception was raised:
Traceback (most recent call last):
  File "/home/runner/.local/lib/python3.12/site-packages/sphinx/util/inspect.py", line 461, in safe_getattr
    return getattr(obj, name, *defargs)
           ^^^^^^^^^^^^^^^^^^^^^^^^^^^^
AttributeError: module 'mktl.Protocol.Request' has no attribute 'Pending'

The above exception was the direct cause of the following exception:

Traceback (most recent call last):
  File "/home/runner/.local/lib/python3.12/site-packages/sphinx/ext/autodoc/importer.py", line 288, in import_object
    obj = attrgetter(obj, mangled_name)
          ^^^^^^^^^^^^^^^^^^^^^^^^^^^^^
  File "/home/runner/.local/lib/python3.12/site-packages/sphinx/ext/autodoc/__init__.py", line 384, in get_attr
    return autodoc_attrgetter(obj, name, *defargs, registry=self.env._registry)
           ^^^^^^^^^^^^^^^^^^^^^^^^^^^^^^^^^^^^^^^^^^^^^^^^^^^^^^^^^^^^^^^^^^^^
  File "/home/runner/.local/lib/python3.12/site-packages/sphinx/ext/autodoc/__init__.py", line 3149, in autodoc_attrgetter
    return safe_getattr(obj, name, *defargs)
           ^^^^^^^^^^^^^^^^^^^^^^^^^^^^^^^^^
  File "/home/runner/.local/lib/python3.12/site-packages/sphinx/util/inspect.py", line 477, in safe_getattr
    raise AttributeError(name) from exc
AttributeError: Pending
 [autodoc.import_object]
